<?xml version="1.0" encoding="UTF-8"?>
<!-- Generated by org.testng.reporters.JUnitReportReporter -->
<testsuite hostname="39d63177482f594" failures="0" tests="1" name="USTBatchNo3.Testng.materialtest" time="0.015" errors="0" timestamp="2023-03-13T16:52:41 IST" skipped="0">
  <testcase classname="USTBatchNo3.Testng.materialtest" name="constructtest" time="0.015"/>
  <system-out/>
</testsuite> <!-- USTBatchNo3.Testng.materialtest -->
